{"/home/crismile92/frontend-project-46/src/diff.js": {"path":"/home/crismile92/frontend-project-46/src/diff.js","statementMap":{"0":{"start":{"line":1,"column":22},"end":{"line":6,"column":1}},"1":{"start":{"line":2,"column":18},"end":{"line":2,"column":71}},"2":{"start":{"line":4,"column":1},"end":{"line":4,"column":27}},"3":{"start":{"line":8,"column":18},"end":{"line":31,"column":1}},"4":{"start":{"line":9,"column":15},"end":{"line":9,"column":40}},"5":{"start":{"line":11,"column":2},"end":{"line":30,"column":4}},"6":{"start":{"line":12,"column":19},"end":{"line":12,"column":28}},"7":{"start":{"line":13,"column":19},"end":{"line":13,"column":28}},"8":{"start":{"line":15,"column":4},"end":{"line":17,"column":5}},"9":{"start":{"line":16,"column":6},"end":{"line":16,"column":73}},"10":{"start":{"line":18,"column":4},"end":{"line":20,"column":5}},"11":{"start":{"line":19,"column":6},"end":{"line":19,"column":52}},"12":{"start":{"line":21,"column":4},"end":{"line":23,"column":5}},"13":{"start":{"line":22,"column":6},"end":{"line":22,"column":50}},"14":{"start":{"line":24,"column":4},"end":{"line":28,"column":5}},"15":{"start":{"line":25,"column":6},"end":{"line":27,"column":7}},"16":{"start":{"line":29,"column":4},"end":{"line":29,"column":52}}},"fnMap":{"0":{"name":"(anonymous_0)","decl":{"start":{"line":1,"column":22},"end":{"line":1,"column":23}},"loc":{"start":{"line":1,"column":38},"end":{"line":6,"column":1}},"line":1},"1":{"name":"(anonymous_1)","decl":{"start":{"line":8,"column":18},"end":{"line":8,"column":19}},"loc":{"start":{"line":8,"column":34},"end":{"line":31,"column":1}},"line":8},"2":{"name":"(anonymous_2)","decl":{"start":{"line":11,"column":18},"end":{"line":11,"column":19}},"loc":{"start":{"line":11,"column":27},"end":{"line":30,"column":3}},"line":11}},"branchMap":{"0":{"loc":{"start":{"line":15,"column":4},"end":{"line":17,"column":5}},"type":"if","locations":[{"start":{"line":15,"column":4},"end":{"line":17,"column":5}},{"start":{},"end":{}}],"line":15},"1":{"loc":{"start":{"line":15,"column":8},"end":{"line":15,"column":102}},"type":"binary-expr","locations":[{"start":{"line":15,"column":8},"end":{"line":15,"column":34}},{"start":{"line":15,"column":38},"end":{"line":15,"column":53}},{"start":{"line":15,"column":57},"end":{"line":15,"column":83}},{"start":{"line":15,"column":87},"end":{"line":15,"column":102}}],"line":15},"2":{"loc":{"start":{"line":18,"column":4},"end":{"line":20,"column":5}},"type":"if","locations":[{"start":{"line":18,"column":4},"end":{"line":20,"column":5}},{"start":{},"end":{}}],"line":18},"3":{"loc":{"start":{"line":21,"column":4},"end":{"line":23,"column":5}},"type":"if","locations":[{"start":{"line":21,"column":4},"end":{"line":23,"column":5}},{"start":{},"end":{}}],"line":21},"4":{"loc":{"start":{"line":24,"column":4},"end":{"line":28,"column":5}},"type":"if","locations":[{"start":{"line":24,"column":4},"end":{"line":28,"column":5}},{"start":{},"end":{}}],"line":24}},"s":{"0":1,"1":15,"2":15,"3":1,"4":15,"5":15,"6":54,"7":54,"8":54,"9":12,"10":42,"11":6,"12":36,"13":15,"14":21,"15":12,"16":9},"f":{"0":15,"1":15,"2":54},"b":{"0":[12,42],"1":[54,18,18,12],"2":[6,36],"3":[15,21],"4":[12,9]},"_coverageSchema":"1a1c01bbd47fc00a2c39e90264f33305004495a9","hash":"4a44da4cafb2a4a2e578017aee9e85b709838dd2"}
,"/home/crismile92/frontend-project-46/src/index.js": {"path":"/home/crismile92/frontend-project-46/src/index.js","statementMap":{"0":{"start":{"line":7,"column":16},"end":{"line":17,"column":1}},"1":{"start":{"line":8,"column":24},"end":{"line":8,"column":126}},"2":{"start":{"line":8,"column":36},"end":{"line":8,"column":126}},"3":{"start":{"line":9,"column":19},"end":{"line":9,"column":65}},"4":{"start":{"line":9,"column":31},"end":{"line":9,"column":65}},"5":{"start":{"line":10,"column":24},"end":{"line":10,"column":67}},"6":{"start":{"line":10,"column":36},"end":{"line":10,"column":67}},"7":{"start":{"line":11,"column":19},"end":{"line":11,"column":53}},"8":{"start":{"line":12,"column":19},"end":{"line":12,"column":53}},"9":{"start":{"line":13,"column":22},"end":{"line":13,"column":65}},"10":{"start":{"line":14,"column":22},"end":{"line":14,"column":65}},"11":{"start":{"line":15,"column":19},"end":{"line":15,"column":54}},"12":{"start":{"line":16,"column":2},"end":{"line":16,"column":37}}},"fnMap":{"0":{"name":"(anonymous_0)","decl":{"start":{"line":7,"column":16},"end":{"line":7,"column":17}},"loc":{"start":{"line":7,"column":62},"end":{"line":17,"column":1}},"line":7},"1":{"name":"(anonymous_1)","decl":{"start":{"line":8,"column":24},"end":{"line":8,"column":25}},"loc":{"start":{"line":8,"column":36},"end":{"line":8,"column":126}},"line":8},"2":{"name":"(anonymous_2)","decl":{"start":{"line":9,"column":19},"end":{"line":9,"column":20}},"loc":{"start":{"line":9,"column":31},"end":{"line":9,"column":65}},"line":9},"3":{"name":"(anonymous_3)","decl":{"start":{"line":10,"column":24},"end":{"line":10,"column":25}},"loc":{"start":{"line":10,"column":36},"end":{"line":10,"column":67}},"line":10}},"branchMap":{"0":{"loc":{"start":{"line":7,"column":39},"end":{"line":7,"column":57}},"type":"default-arg","locations":[{"start":{"line":7,"column":48},"end":{"line":7,"column":57}}],"line":7},"1":{"loc":{"start":{"line":8,"column":36},"end":{"line":8,"column":126}},"type":"cond-expr","locations":[{"start":{"line":8,"column":64},"end":{"line":8,"column":86}},{"start":{"line":8,"column":89},"end":{"line":8,"column":126}}],"line":8}},"s":{"0":1,"1":3,"2":6,"3":3,"4":6,"5":3,"6":6,"7":3,"8":3,"9":3,"10":3,"11":3,"12":3},"f":{"0":3,"1":6,"2":6,"3":6},"b":{"0":[0],"1":[6,0]},"_coverageSchema":"1a1c01bbd47fc00a2c39e90264f33305004495a9","hash":"a440332dd28d10e7f700b5075ca4b9643f8f31ce"}
,"/home/crismile92/frontend-project-46/src/parsers.js": {"path":"/home/crismile92/frontend-project-46/src/parsers.js","statementMap":{"0":{"start":{"line":4,"column":2},"end":{"line":13,"column":3}},"1":{"start":{"line":6,"column":6},"end":{"line":6,"column":29}},"2":{"start":{"line":8,"column":6},"end":{"line":8,"column":28}},"3":{"start":{"line":10,"column":6},"end":{"line":10,"column":28}},"4":{"start":{"line":12,"column":6},"end":{"line":12,"column":35}}},"fnMap":{"0":{"name":"(anonymous_0)","decl":{"start":{"line":3,"column":15},"end":{"line":3,"column":16}},"loc":{"start":{"line":3,"column":33},"end":{"line":14,"column":1}},"line":3}},"branchMap":{"0":{"loc":{"start":{"line":4,"column":2},"end":{"line":13,"column":3}},"type":"switch","locations":[{"start":{"line":5,"column":4},"end":{"line":6,"column":29}},{"start":{"line":7,"column":4},"end":{"line":8,"column":28}},{"start":{"line":9,"column":4},"end":{"line":10,"column":28}},{"start":{"line":11,"column":4},"end":{"line":12,"column":35}}],"line":4}},"s":{"0":6,"1":2,"2":4,"3":0,"4":0},"f":{"0":6},"b":{"0":[2,4,0,0]},"_coverageSchema":"1a1c01bbd47fc00a2c39e90264f33305004495a9","hash":"543fe2ff9403e573c848c3faedd6d75d2924d729"}
,"/home/crismile92/frontend-project-46/src/formatters/index.js": {"path":"/home/crismile92/frontend-project-46/src/formatters/index.js","statementMap":{"0":{"start":{"line":5,"column":19},"end":{"line":16,"column":1}},"1":{"start":{"line":6,"column":2},"end":{"line":15,"column":3}},"2":{"start":{"line":8,"column":6},"end":{"line":8,"column":32}},"3":{"start":{"line":10,"column":6},"end":{"line":10,"column":30}},"4":{"start":{"line":12,"column":6},"end":{"line":12,"column":29}},"5":{"start":{"line":14,"column":6},"end":{"line":14,"column":53}}},"fnMap":{"0":{"name":"(anonymous_0)","decl":{"start":{"line":5,"column":19},"end":{"line":5,"column":20}},"loc":{"start":{"line":5,"column":37},"end":{"line":16,"column":1}},"line":5}},"branchMap":{"0":{"loc":{"start":{"line":6,"column":2},"end":{"line":15,"column":3}},"type":"switch","locations":[{"start":{"line":7,"column":4},"end":{"line":8,"column":32}},{"start":{"line":9,"column":4},"end":{"line":10,"column":30}},{"start":{"line":11,"column":4},"end":{"line":12,"column":29}},{"start":{"line":13,"column":4},"end":{"line":14,"column":53}}],"line":6}},"s":{"0":1,"1":3,"2":1,"3":1,"4":1,"5":0},"f":{"0":3},"b":{"0":[1,1,1,0]},"_coverageSchema":"1a1c01bbd47fc00a2c39e90264f33305004495a9","hash":"32422ac823ec7f29ff282ef73f199e861104af5a"}
,"/home/crismile92/frontend-project-46/src/formatters/json.js": {"path":"/home/crismile92/frontend-project-46/src/formatters/json.js","statementMap":{"0":{"start":{"line":1,"column":19},"end":{"line":1,"column":56}},"1":{"start":{"line":1,"column":27},"end":{"line":1,"column":56}}},"fnMap":{"0":{"name":"(anonymous_0)","decl":{"start":{"line":1,"column":19},"end":{"line":1,"column":20}},"loc":{"start":{"line":1,"column":27},"end":{"line":1,"column":56}},"line":1}},"branchMap":{},"s":{"0":1,"1":1},"f":{"0":1},"b":{},"_coverageSchema":"1a1c01bbd47fc00a2c39e90264f33305004495a9","hash":"6d7fb9e3ad884c6c00c9afbbb0a64b8936161759"}
,"/home/crismile92/frontend-project-46/src/formatters/plain.js": {"path":"/home/crismile92/frontend-project-46/src/formatters/plain.js","statementMap":{"0":{"start":{"line":1,"column":20},"end":{"line":4,"column":1}},"1":{"start":{"line":2,"column":2},"end":{"line":2,"column":75}},"2":{"start":{"line":2,"column":51},"end":{"line":2,"column":75}},"3":{"start":{"line":3,"column":2},"end":{"line":3,"column":57}},"4":{"start":{"line":6,"column":20},"end":{"line":26,"column":1}},"5":{"start":{"line":7,"column":16},"end":{"line":24,"column":4}},"6":{"start":{"line":8,"column":21},"end":{"line":8,"column":74}},"7":{"start":{"line":10,"column":4},"end":{"line":23,"column":5}},"8":{"start":{"line":12,"column":8},"end":{"line":12,"column":51}},"9":{"start":{"line":14,"column":8},"end":{"line":14,"column":88}},"10":{"start":{"line":16,"column":8},"end":{"line":16,"column":51}},"11":{"start":{"line":18,"column":8},"end":{"line":18,"column":120}},"12":{"start":{"line":20,"column":8},"end":{"line":20,"column":17}},"13":{"start":{"line":22,"column":8},"end":{"line":22,"column":53}},"14":{"start":{"line":25,"column":2},"end":{"line":25,"column":25}}},"fnMap":{"0":{"name":"(anonymous_0)","decl":{"start":{"line":1,"column":20},"end":{"line":1,"column":21}},"loc":{"start":{"line":1,"column":31},"end":{"line":4,"column":1}},"line":1},"1":{"name":"(anonymous_1)","decl":{"start":{"line":6,"column":20},"end":{"line":6,"column":21}},"loc":{"start":{"line":6,"column":48},"end":{"line":26,"column":1}},"line":6},"2":{"name":"(anonymous_2)","decl":{"start":{"line":7,"column":29},"end":{"line":7,"column":30}},"loc":{"start":{"line":7,"column":39},"end":{"line":24,"column":3}},"line":7}},"branchMap":{"0":{"loc":{"start":{"line":2,"column":2},"end":{"line":2,"column":75}},"type":"if","locations":[{"start":{"line":2,"column":2},"end":{"line":2,"column":75}},{"start":{},"end":{}}],"line":2},"1":{"loc":{"start":{"line":2,"column":6},"end":{"line":2,"column":49}},"type":"binary-expr","locations":[{"start":{"line":2,"column":6},"end":{"line":2,"column":31}},{"start":{"line":2,"column":35},"end":{"line":2,"column":49}}],"line":2},"2":{"loc":{"start":{"line":3,"column":9},"end":{"line":3,"column":57}},"type":"cond-expr","locations":[{"start":{"line":3,"column":37},"end":{"line":3,"column":49}},{"start":{"line":3,"column":52},"end":{"line":3,"column":57}}],"line":3},"3":{"loc":{"start":{"line":6,"column":27},"end":{"line":6,"column":43}},"type":"default-arg","locations":[{"start":{"line":6,"column":41},"end":{"line":6,"column":43}}],"line":6},"4":{"loc":{"start":{"line":8,"column":21},"end":{"line":8,"column":74}},"type":"cond-expr","locations":[{"start":{"line":8,"column":35},"end":{"line":8,"column":63}},{"start":{"line":8,"column":66},"end":{"line":8,"column":74}}],"line":8},"5":{"loc":{"start":{"line":10,"column":4},"end":{"line":23,"column":5}},"type":"switch","locations":[{"start":{"line":11,"column":6},"end":{"line":12,"column":51}},{"start":{"line":13,"column":6},"end":{"line":14,"column":88}},{"start":{"line":15,"column":6},"end":{"line":16,"column":51}},{"start":{"line":17,"column":6},"end":{"line":18,"column":120}},{"start":{"line":19,"column":6},"end":{"line":20,"column":17}},{"start":{"line":21,"column":6},"end":{"line":22,"column":53}}],"line":10}},"s":{"0":1,"1":13,"2":3,"3":10,"4":1,"5":5,"6":18,"7":18,"8":4,"9":5,"10":2,"11":4,"12":3,"13":0,"14":5},"f":{"0":13,"1":5,"2":18},"b":{"0":[3,10],"1":[13,4],"2":[7,3],"3":[1],"4":[14,4],"5":[4,5,2,4,3,0]},"_coverageSchema":"1a1c01bbd47fc00a2c39e90264f33305004495a9","hash":"48091575b312d61753ffb597b8e3d6e60162059e"}
,"/home/crismile92/frontend-project-46/src/formatters/stylish.js": {"path":"/home/crismile92/frontend-project-46/src/formatters/stylish.js","statementMap":{"0":{"start":{"line":1,"column":18},"end":{"line":1,"column":52}},"1":{"start":{"line":1,"column":27},"end":{"line":1,"column":52}},"2":{"start":{"line":2,"column":18},"end":{"line":11,"column":1}},"3":{"start":{"line":3,"column":2},"end":{"line":5,"column":3}},"4":{"start":{"line":4,"column":4},"end":{"line":4,"column":24}},"5":{"start":{"line":6,"column":17},"end":{"line":6,"column":37}},"6":{"start":{"line":7,"column":18},"end":{"line":9,"column":15}},"7":{"start":{"line":8,"column":25},"end":{"line":8,"column":74}},"8":{"start":{"line":10,"column":2},"end":{"line":10,"column":48}},"9":{"start":{"line":13,"column":19},"end":{"line":34,"column":1}},"10":{"start":{"line":14,"column":17},"end":{"line":14,"column":33}},"11":{"start":{"line":15,"column":17},"end":{"line":31,"column":4}},"12":{"start":{"line":16,"column":26},"end":{"line":16,"column":30}},"13":{"start":{"line":17,"column":4},"end":{"line":30,"column":5}},"14":{"start":{"line":19,"column":8},"end":{"line":19,"column":92}},"15":{"start":{"line":21,"column":8},"end":{"line":21,"column":67}},"16":{"start":{"line":23,"column":8},"end":{"line":23,"column":67}},"17":{"start":{"line":25,"column":8},"end":{"line":25,"column":125}},"18":{"start":{"line":27,"column":8},"end":{"line":27,"column":67}},"19":{"start":{"line":29,"column":8},"end":{"line":29,"column":48}},"20":{"start":{"line":33,"column":2},"end":{"line":33,"column":26}},"21":{"start":{"line":36,"column":22},"end":{"line":36,"column":65}},"22":{"start":{"line":36,"column":34},"end":{"line":36,"column":65}}},"fnMap":{"0":{"name":"(anonymous_0)","decl":{"start":{"line":1,"column":18},"end":{"line":1,"column":19}},"loc":{"start":{"line":1,"column":27},"end":{"line":1,"column":52}},"line":1},"1":{"name":"(anonymous_1)","decl":{"start":{"line":2,"column":18},"end":{"line":2,"column":19}},"loc":{"start":{"line":2,"column":36},"end":{"line":11,"column":1}},"line":2},"2":{"name":"(anonymous_2)","decl":{"start":{"line":8,"column":9},"end":{"line":8,"column":10}},"loc":{"start":{"line":8,"column":25},"end":{"line":8,"column":74}},"line":8},"3":{"name":"(anonymous_3)","decl":{"start":{"line":13,"column":19},"end":{"line":13,"column":20}},"loc":{"start":{"line":13,"column":44},"end":{"line":34,"column":1}},"line":13},"4":{"name":"(anonymous_4)","decl":{"start":{"line":15,"column":30},"end":{"line":15,"column":31}},"loc":{"start":{"line":15,"column":40},"end":{"line":31,"column":3}},"line":15},"5":{"name":"(anonymous_5)","decl":{"start":{"line":36,"column":22},"end":{"line":36,"column":23}},"loc":{"start":{"line":36,"column":34},"end":{"line":36,"column":65}},"line":36}},"branchMap":{"0":{"loc":{"start":{"line":3,"column":2},"end":{"line":5,"column":3}},"type":"if","locations":[{"start":{"line":3,"column":2},"end":{"line":5,"column":3}},{"start":{},"end":{}}],"line":3},"1":{"loc":{"start":{"line":3,"column":6},"end":{"line":3,"column":49}},"type":"binary-expr","locations":[{"start":{"line":3,"column":6},"end":{"line":3,"column":31}},{"start":{"line":3,"column":35},"end":{"line":3,"column":49}}],"line":3},"2":{"loc":{"start":{"line":13,"column":30},"end":{"line":13,"column":39}},"type":"default-arg","locations":[{"start":{"line":13,"column":38},"end":{"line":13,"column":39}}],"line":13},"3":{"loc":{"start":{"line":17,"column":4},"end":{"line":30,"column":5}},"type":"switch","locations":[{"start":{"line":18,"column":6},"end":{"line":19,"column":92}},{"start":{"line":20,"column":6},"end":{"line":21,"column":67}},{"start":{"line":22,"column":6},"end":{"line":23,"column":67}},{"start":{"line":24,"column":6},"end":{"line":25,"column":125}},{"start":{"line":26,"column":6},"end":{"line":27,"column":67}},{"start":{"line":28,"column":6},"end":{"line":29,"column":48}}],"line":17}},"s":{"0":1,"1":19,"2":1,"3":27,"4":20,"5":7,"6":7,"7":9,"8":7,"9":1,"10":5,"11":5,"12":18,"13":18,"14":4,"15":5,"16":2,"17":4,"18":3,"19":0,"20":5,"21":1,"22":1},"f":{"0":19,"1":27,"2":9,"3":5,"4":18,"5":1},"b":{"0":[20,7],"1":[27,8],"2":[1],"3":[4,5,2,4,3,0]},"_coverageSchema":"1a1c01bbd47fc00a2c39e90264f33305004495a9","hash":"e34f2cbd9df833e3e58c06587643b61af6c0a9d2"}
}
