TN:
SF:src/diff.js
FN:1,(anonymous_0)
FN:8,(anonymous_1)
FN:11,(anonymous_2)
FNF:3
FNH:3
FNDA:15,(anonymous_0)
FNDA:15,(anonymous_1)
FNDA:54,(anonymous_2)
DA:1,1
DA:2,15
DA:4,15
DA:8,1
DA:9,15
DA:11,15
DA:12,54
DA:13,54
DA:15,54
DA:16,12
DA:18,42
DA:19,6
DA:21,36
DA:22,15
DA:24,21
DA:25,12
DA:29,9
LF:17
LH:17
BRDA:15,0,0,12
BRDA:15,0,1,42
BRDA:15,1,0,54
BRDA:15,1,1,18
BRDA:15,1,2,18
BRDA:15,1,3,12
BRDA:18,2,0,6
BRDA:18,2,1,36
BRDA:21,3,0,15
BRDA:21,3,1,21
BRDA:24,4,0,12
BRDA:24,4,1,9
BRF:12
BRH:12
end_of_record
TN:
SF:src/index.js
FN:7,(anonymous_0)
FN:8,(anonymous_1)
FN:9,(anonymous_2)
FN:10,(anonymous_3)
FNF:4
FNH:4
FNDA:3,(anonymous_0)
FNDA:6,(anonymous_1)
FNDA:6,(anonymous_2)
FNDA:6,(anonymous_3)
DA:7,1
DA:8,6
DA:9,6
DA:10,6
DA:11,3
DA:12,3
DA:13,3
DA:14,3
DA:15,3
DA:16,3
LF:10
LH:10
BRDA:7,0,0,0
BRDA:8,1,0,6
BRDA:8,1,1,0
BRF:3
BRH:1
end_of_record
TN:
SF:src/parsers.js
FN:3,(anonymous_0)
FNF:1
FNH:1
FNDA:6,(anonymous_0)
DA:4,6
DA:6,2
DA:8,4
DA:10,0
DA:12,0
LF:5
LH:3
BRDA:4,0,0,2
BRDA:4,0,1,4
BRDA:4,0,2,0
BRDA:4,0,3,0
BRF:4
BRH:2
end_of_record
TN:
SF:src/formatters/index.js
FN:5,(anonymous_0)
FNF:1
FNH:1
FNDA:3,(anonymous_0)
DA:5,1
DA:6,3
DA:8,1
DA:10,1
DA:12,1
DA:14,0
LF:6
LH:5
BRDA:6,0,0,1
BRDA:6,0,1,1
BRDA:6,0,2,1
BRDA:6,0,3,0
BRF:4
BRH:3
end_of_record
TN:
SF:src/formatters/json.js
FN:1,(anonymous_0)
FNF:1
FNH:1
FNDA:1,(anonymous_0)
DA:1,1
LF:1
LH:1
BRF:0
BRH:0
end_of_record
TN:
SF:src/formatters/plain.js
FN:1,(anonymous_0)
FN:6,(anonymous_1)
FN:7,(anonymous_2)
FNF:3
FNH:3
FNDA:13,(anonymous_0)
FNDA:5,(anonymous_1)
FNDA:18,(anonymous_2)
DA:1,1
DA:2,13
DA:3,10
DA:6,1
DA:7,5
DA:8,18
DA:10,18
DA:12,4
DA:14,5
DA:16,2
DA:18,4
DA:20,3
DA:22,0
DA:25,5
LF:14
LH:13
BRDA:2,0,0,3
BRDA:2,0,1,10
BRDA:2,1,0,13
BRDA:2,1,1,4
BRDA:3,2,0,7
BRDA:3,2,1,3
BRDA:6,3,0,1
BRDA:8,4,0,14
BRDA:8,4,1,4
BRDA:10,5,0,4
BRDA:10,5,1,5
BRDA:10,5,2,2
BRDA:10,5,3,4
BRDA:10,5,4,3
BRDA:10,5,5,0
BRF:15
BRH:14
end_of_record
TN:
SF:src/formatters/stylish.js
FN:1,(anonymous_0)
FN:2,(anonymous_1)
FN:8,(anonymous_2)
FN:13,(anonymous_3)
FN:15,(anonymous_4)
FN:36,(anonymous_5)
FNF:6
FNH:6
FNDA:19,(anonymous_0)
FNDA:27,(anonymous_1)
FNDA:9,(anonymous_2)
FNDA:5,(anonymous_3)
FNDA:18,(anonymous_4)
FNDA:1,(anonymous_5)
DA:1,19
DA:2,1
DA:3,27
DA:4,20
DA:6,7
DA:7,7
DA:8,9
DA:10,7
DA:13,1
DA:14,5
DA:15,5
DA:16,18
DA:17,18
DA:19,4
DA:21,5
DA:23,2
DA:25,4
DA:27,3
DA:29,0
DA:33,5
DA:36,1
LF:21
LH:20
BRDA:3,0,0,20
BRDA:3,0,1,7
BRDA:3,1,0,27
BRDA:3,1,1,8
BRDA:13,2,0,1
BRDA:17,3,0,4
BRDA:17,3,1,5
BRDA:17,3,2,2
BRDA:17,3,3,4
BRDA:17,3,4,3
BRDA:17,3,5,0
BRF:11
BRH:10
end_of_record
