TN:
SF:index.js
FNF:0
FNH:0
DA:1,1
DA:2,1
DA:3,1
LF:3
LH:3
BRF:0
BRH:0
end_of_record
TN:
SF:src/diff.js
FN:3,buildDiff
FNF:1
FNH:1
FNDA:20,buildDiff
DA:1,1
DA:2,1
DA:3,1
DA:4,20
DA:5,20
DA:6,20
DA:7,20
DA:8,72
DA:9,72
DA:10,72
DA:11,72
DA:12,72
DA:13,72
DA:14,72
DA:15,20
DA:16,72
DA:17,8
DA:18,52
DA:19,16
DA:20,16
DA:21,44
DA:22,16
DA:23,16
DA:24,16
DA:25,16
DA:26,16
DA:27,28
DA:28,12
DA:29,12
DA:30,20
DA:31,20
DA:32,20
DA:33,20
DA:34,1
LF:34
LH:34
BRDA:3,0,0,20
BRDA:7,1,0,72
BRDA:14,2,0,20
BRDA:16,3,0,52
BRDA:16,4,0,8
BRDA:18,5,0,44
BRDA:18,6,0,20
BRDA:18,7,0,16
BRDA:21,8,0,28
BRDA:21,9,0,16
BRDA:27,10,0,12
BRF:11
BRH:11
end_of_record
TN:
SF:src/index.js
FN:10,genDiff
FNF:1
FNH:1
FNDA:4,genDiff
DA:1,1
DA:2,1
DA:3,1
DA:4,1
DA:5,1
DA:6,1
DA:7,1
DA:8,1
DA:9,1
DA:10,1
DA:11,4
DA:12,4
DA:13,4
DA:14,4
DA:15,4
DA:16,4
DA:17,4
DA:18,4
DA:19,4
DA:20,4
DA:21,4
DA:22,4
DA:23,4
DA:24,4
DA:25,4
DA:26,4
DA:27,1
DA:28,1
LF:28
LH:28
BRDA:10,0,0,4
BRF:1
BRH:1
end_of_record
TN:
SF:src/parsers.js
FN:3,default
FNF:1
FNH:1
FNDA:8,default
DA:1,1
DA:2,1
DA:3,1
DA:4,8
DA:5,8
DA:6,6
DA:7,8
DA:8,2
DA:9,8
DA:10,0
DA:11,8
DA:12,0
DA:13,8
DA:14,8
LF:14
LH:12
BRDA:3,0,0,8
BRDA:5,1,0,6
BRDA:7,2,0,2
BRDA:9,3,0,0
BRDA:11,4,0,0
BRF:5
BRH:3
end_of_record
TN:
SF:src/formatters/index.js
FN:5,formatData
FNF:1
FNH:1
FNDA:4,formatData
DA:1,1
DA:2,1
DA:3,1
DA:4,1
DA:5,1
DA:6,4
DA:7,4
DA:8,2
DA:9,4
DA:10,1
DA:11,4
DA:12,1
DA:13,4
DA:14,0
DA:15,4
DA:16,4
DA:17,1
DA:18,1
LF:18
LH:17
BRDA:5,0,0,4
BRDA:7,1,0,2
BRDA:9,2,0,1
BRDA:11,3,0,1
BRDA:13,4,0,0
BRF:5
BRH:4
end_of_record
TN:
SF:src/formatters/json.js
FN:1,formatJson
FNF:1
FNH:1
FNDA:1,formatJson
DA:1,1
DA:2,1
DA:3,1
LF:3
LH:3
BRDA:1,0,0,1
BRF:1
BRH:1
end_of_record
TN:
SF:src/formatters/plain.js
FN:3,formatPlain
FN:4,iter
FNF:2
FNH:2
FNDA:1,formatPlain
FNDA:1,iter
DA:1,1
DA:2,1
DA:3,1
DA:4,1
DA:5,1
DA:6,0
DA:7,0
DA:8,0
DA:9,0
DA:10,0
DA:11,0
DA:12,0
DA:13,0
DA:14,0
DA:15,0
DA:16,0
DA:17,0
DA:18,0
DA:19,0
DA:20,1
DA:21,1
DA:22,1
DA:23,1
DA:24,1
DA:25,1
DA:26,1
LF:26
LH:12
BRDA:3,0,0,1
BRDA:4,1,0,1
BRF:2
BRH:2
end_of_record
TN:
SF:src/formatters/stylish.js
FN:5,getIndent
FN:7,valueToString
FN:19,formatStylish
FNF:3
FNH:3
FNDA:58,getIndent
FNDA:54,valueToString
FNDA:10,formatStylish
DA:1,1
DA:2,1
DA:3,1
DA:4,1
DA:5,1
DA:6,1
DA:7,1
DA:8,54
DA:9,14
DA:10,14
DA:11,14
DA:12,14
DA:13,14
DA:14,14
DA:15,14
DA:16,40
DA:17,40
DA:18,1
DA:19,1
DA:20,10
DA:21,36
DA:22,36
DA:23,8
DA:24,36
DA:25,10
DA:26,36
DA:27,4
DA:28,36
DA:29,8
DA:30,8
DA:31,8
DA:32,8
DA:33,36
DA:34,6
DA:35,36
DA:36,0
DA:37,36
DA:38,10
DA:39,10
DA:40,10
DA:41,1
DA:42,1
LF:42
LH:41
BRDA:5,0,0,58
BRDA:7,1,0,54
BRDA:8,2,0,14
BRDA:15,3,0,40
BRDA:11,4,0,18
BRDA:19,5,0,10
BRDA:20,6,0,36
BRDA:22,7,0,8
BRDA:24,8,0,10
BRDA:26,9,0,4
BRDA:28,10,0,8
BRDA:33,11,0,6
BRDA:35,12,0,0
BRF:13
BRH:12
end_of_record
